<?xml version="1.0" encoding="UTF-8"?>
<!-- Generated by org.testng.reporters.JUnitReportReporter -->
<testsuite hostname="LAPTOP-0Q0A67KA" failures="0" tests="2" name="RahulShettyRestAssured.Oath2GrantTypeClientCredentials" time="1.955" errors="0" timestamp="2024-09-12T13:11:59 IST" skipped="0">
  <testcase classname="RahulShettyRestAssured.Oath2GrantTypeClientCredentials" name="getAccessTokenfromAutorizationServer" time="1.762"/>
  <system-out/>
  <testcase classname="RahulShettyRestAssured.Oath2GrantTypeClientCredentials" name="getCourseDetails" time="0.193"/>
  <system-out/>
</testsuite> <!-- RahulShettyRestAssured.Oath2GrantTypeClientCredentials -->
