<?xml version="1.0" encoding="UTF-8"?>
<!-- Generated by org.testng.reporters.JUnitReportReporter -->
<testsuite hostname="LAPTOP-0Q0A67KA" failures="0" tests="3" name="RahulShettyRestAssured.LibraryAPI" time="1.924" errors="0" timestamp="2024-09-11T13:36:26 IST" skipped="0">
  <testcase classname="RahulShettyRestAssured.LibraryAPI" name="addBook" time="1.650"/>
  <system-out/>
  <testcase classname="RahulShettyRestAssured.LibraryAPI" name="addBook" time="0.139"/>
  <system-out/>
  <testcase classname="RahulShettyRestAssured.LibraryAPI" name="addBook" time="0.135"/>
  <system-out/>
</testsuite> <!-- RahulShettyRestAssured.LibraryAPI -->
