<?xml version="1.0" encoding="UTF-8"?>
<!-- Generated by org.testng.reporters.JUnitReportReporter -->
<testsuite hostname="LAPTOP-0Q0A67KA" failures="0" tests="1" name="RahulShettyRestAssured.Oath2GrantType" time="1.790" errors="0" timestamp="2024-09-12T12:57:20 IST" skipped="0">
  <testcase classname="RahulShettyRestAssured.Oath2GrantType" name="oath2PracticeWithClientCredential" time="1.790"/>
  <system-out/>
</testsuite> <!-- RahulShettyRestAssured.Oath2GrantType -->
